<?xml version="1.0" ?>
<coverage version="7.14.0" timestamp="1778911346955" lines-valid="7" lines-covered="6" line-rate="0.8571" branches-covered="0" branches-valid="0" branch-rate="0" complexity="0">
	<!-- Generated by coverage.py: https://coverage.readthedocs.io/en/7.14.0 -->
	<!-- Based on https://raw.githubusercontent.com/cobertura/web/master/htdocs/xml/coverage-04.dtd -->
	<sources>
		<source>/home/ami/telecom-mlops/src</source>
	</sources>
	<packages>
		<package name="data_engineering.utils" line-rate="0.8571" branch-rate="0" complexity="0">
			<classes>
				<class name="utils.py" filename="data_engineering/utils/utils.py" complexity="0" line-rate="0.8571" branch-rate="0">
					<methods/>
					<lines>
						<line number="2" hits="1"/>
						<line number="6" hits="1"/>
						<line number="65" hits="1"/>
						<line number="112" hits="1"/>
						<line number="125" hits="1"/>
						<line number="140" hits="1"/>
						<line number="142" hits="0"/>
					</lines>
				</class>
			</classes>
		</package>
	</packages>
</coverage>
